d:\catarina\documents\github\lei\noise\noise\release\noise.pch
d:\catarina\documents\github\lei\noise\noise\release\vc140.pdb
d:\catarina\documents\github\lei\noise\noise\release\stdafx.obj
d:\catarina\documents\github\lei\noise\noise\release\readtga.obj
d:\catarina\documents\github\lei\noise\noise\release\noise.obj
d:\catarina\documents\github\lei\noise\noise\release\main.obj
d:\catarina\documents\github\lei\noise\noise\release\classicnoise.obj
d:\catarina\documents\github\lei\noise\release\noise.exe
d:\catarina\documents\github\lei\noise\release\noise.ipdb
d:\catarina\documents\github\lei\noise\release\noise.iobj
d:\catarina\documents\github\lei\noise\release\noise.pdb
c:\users\miguel\documents\github\lei\noise generator - cpp\noise\release\classicnoise.obj
c:\users\miguel\documents\github\lei\noise generator - cpp\noise\release\main.obj
c:\users\miguel\documents\github\lei\noise generator - cpp\noise\release\noise.obj
c:\users\miguel\documents\github\lei\noise generator - cpp\noise\release\readtga.obj
c:\users\miguel\documents\github\lei\noise generator - cpp\noise\release\stdafx.obj
c:\users\miguel\documents\github\lei\noise generator - cpp\noise\release\noise.pch
c:\users\miguel\documents\github\lei\noise generator - cpp\noise\release\vc140.pdb
c:\users\miguel\documents\github\lei\noise generator - cpp\noise\release\vc141.pdb
c:\users\miguel\documents\github\lei\noise generator - cpp\release\noise.pdb
c:\users\miguel\documents\github\lei\noise generator - cpp\release\noise.exe
c:\users\miguel\documents\github\lei\noise generator - cpp\noise\release\noise.tlog\cl.command.1.tlog
c:\users\miguel\documents\github\lei\noise generator - cpp\noise\release\noise.tlog\cl.read.1.tlog
c:\users\miguel\documents\github\lei\noise generator - cpp\noise\release\noise.tlog\cl.write.1.tlog
c:\users\miguel\documents\github\lei\noise generator - cpp\noise\release\noise.tlog\link.command.1.tlog
c:\users\miguel\documents\github\lei\noise generator - cpp\noise\release\noise.tlog\link.read.1.tlog
c:\users\miguel\documents\github\lei\noise generator - cpp\noise\release\noise.tlog\link.write.1.tlog
c:\users\miguel\documents\github\lei\noise generator - cpp\noise\release\noise.tlog\noise.write.1u.tlog
